Build started 4/15/2019 9:34:13 PM.
     1>Project "C:\Sarah\DS Project\DS Project\DS Project.vcxproj" on node 2 (Build target(s)).
     1>ClCompile:
         C:\Program Files (x86)\Microsoft Visual Studio 11.0\VC\bin\CL.exe /c /ZI /nologo /W3 /WX- /sdl /Od /Oy- /D WIN32 /D _DEBUG /D _CONSOLE /D _UNICODE /D UNICODE /Gm /EHsc /RTC1 /MDd /GS /fp:precise /Zc:wchar_t /Zc:forScope /Fo"Debug\\" /Fd"Debug\vc110.pdb" /Gd /TP /analyze- /errorReport:prompt /bigobj -D_SCL_SECURE_NO_WARNINGS Differentiation.cpp main.cpp Project.cpp
         Project.cpp
         main.cpp
     1>c:\sarah\ds project\ds project\main.cpp(31): warning C4018: '<' : signed/unsigned mismatch
     1>c:\sarah\ds project\ds project\main.cpp(128): warning C4018: '<=' : signed/unsigned mismatch
         Differentiation.cpp
     1>c:\sarah\ds project\ds project\differentiation.cpp(9): warning C4018: '<' : signed/unsigned mismatch
     1>c:\sarah\ds project\ds project\differentiation.cpp(28): warning C4018: '<' : signed/unsigned mismatch
     1>c:\sarah\ds project\ds project\differentiation.cpp(43): warning C4018: '<' : signed/unsigned mismatch
     1>c:\sarah\ds project\ds project\differentiation.cpp(152): warning C4018: '<' : signed/unsigned mismatch
     1>c:\sarah\ds project\ds project\differentiation.cpp(187): warning C4018: '<' : signed/unsigned mismatch
     1>c:\sarah\ds project\ds project\differentiation.cpp(241): warning C4018: '<' : signed/unsigned mismatch
     1>c:\sarah\ds project\ds project\differentiation.cpp(275): warning C4018: '<' : signed/unsigned mismatch
     1>c:\sarah\ds project\ds project\differentiation.cpp(288): warning C4018: '<' : signed/unsigned mismatch
         Generating Code...
       Link:
         C:\Program Files (x86)\Microsoft Visual Studio 11.0\VC\bin\link.exe /ERRORREPORT:PROMPT /OUT:"C:\Sarah\DS Project\Debug\DS Project.exe" /INCREMENTAL /NOLOGO kernel32.lib user32.lib gdi32.lib winspool.lib comdlg32.lib advapi32.lib shell32.lib ole32.lib oleaut32.lib uuid.lib odbc32.lib odbccp32.lib /MANIFEST /MANIFESTUAC:"level='asInvoker' uiAccess='false'" /manifest:embed /DEBUG /PDB:"C:\Sarah\DS Project\Debug\DS Project.pdb" /SUBSYSTEM:CONSOLE /TLBID:1 /DYNAMICBASE /NXCOMPAT /IMPLIB:"C:\Sarah\DS Project\Debug\DS Project.lib" /MACHINE:X86 Debug\Differentiation.obj
         Debug\main.obj
         Debug\Project.obj
         DS Project.vcxproj -> C:\Sarah\DS Project\Debug\DS Project.exe
     1>Done Building Project "C:\Sarah\DS Project\DS Project\DS Project.vcxproj" (Build target(s)).

Build succeeded.

Time Elapsed 00:02:07.64
