C:\USERS\MAZEN\DOCUMENTS\VISUAL STUDIO 2012\PROJECTS\DS PROJECT\DS PROJECT\DEBUG\MAIN.OBJ
C:\USERS\MAZEN\DOCUMENTS\VISUAL STUDIO 2012\PROJECTS\DS PROJECT\DS PROJECT\DEBUG\PROJECT.OBJ
C:\USERS\MAZEN\DOCUMENTS\VISUAL STUDIO 2012\PROJECTS\DS PROJECT\DS PROJECT\DEBUG\VC110.PDB
C:\USERS\MAZEN\DOCUMENTS\VISUAL STUDIO 2012\PROJECTS\DS PROJECT\DEBUG\DS PROJECT.ILK
C:\USERS\MAZEN\DOCUMENTS\VISUAL STUDIO 2012\PROJECTS\DS PROJECT\DEBUG\DS PROJECT.EXE
C:\USERS\MAZEN\DOCUMENTS\VISUAL STUDIO 2012\PROJECTS\DS PROJECT\DEBUG\DS PROJECT.PDB
C:\Users\Mazen\Documents\Visual Studio 2012\Projects\DS Project\DS Project\Debug\cl.command.1.tlog
C:\Users\Mazen\Documents\Visual Studio 2012\Projects\DS Project\DS Project\Debug\CL.read.1.tlog
C:\Users\Mazen\Documents\Visual Studio 2012\Projects\DS Project\DS Project\Debug\CL.write.1.tlog
C:\Users\Mazen\Documents\Visual Studio 2012\Projects\DS Project\DS Project\Debug\link-cvtres.read.1.tlog
C:\Users\Mazen\Documents\Visual Studio 2012\Projects\DS Project\DS Project\Debug\link-cvtres.write.1.tlog
C:\Users\Mazen\Documents\Visual Studio 2012\Projects\DS Project\DS Project\Debug\link-rc.read.1.tlog
C:\Users\Mazen\Documents\Visual Studio 2012\Projects\DS Project\DS Project\Debug\link-rc.write.1.tlog
C:\Users\Mazen\Documents\Visual Studio 2012\Projects\DS Project\DS Project\Debug\link.25840-cvtres.read.1.tlog
C:\Users\Mazen\Documents\Visual Studio 2012\Projects\DS Project\DS Project\Debug\link.25840-cvtres.write.1.tlog
C:\Users\Mazen\Documents\Visual Studio 2012\Projects\DS Project\DS Project\Debug\link.25840-rc.read.1.tlog
C:\Users\Mazen\Documents\Visual Studio 2012\Projects\DS Project\DS Project\Debug\link.25840-rc.write.1.tlog
C:\Users\Mazen\Documents\Visual Studio 2012\Projects\DS Project\DS Project\Debug\link.25840.read.1.tlog
C:\Users\Mazen\Documents\Visual Studio 2012\Projects\DS Project\DS Project\Debug\link.25840.write.1.tlog
C:\Users\Mazen\Documents\Visual Studio 2012\Projects\DS Project\DS Project\Debug\link.command.1.tlog
C:\Users\Mazen\Documents\Visual Studio 2012\Projects\DS Project\DS Project\Debug\link.read.1.tlog
C:\Users\Mazen\Documents\Visual Studio 2012\Projects\DS Project\DS Project\Debug\link.write.1.tlog
C:\Users\Mazen\Documents\Visual Studio 2012\Projects\DS Project\DS Project\Debug\vc110.idb
C:\Users\Mazen\Documents\Visual Studio 2012\Projects\DS Project\DS Project\Debug\vc110.pdb
C:\Users\Mazen\Documents\Visual Studio 2012\Projects\DS Project\Debug\DS Project.pdb
C:\Users\Mazen\Documents\Visual Studio 2012\Projects\DS Project\Debug\DS Project.exe
C:\Users\Mazen\Documents\Visual Studio 2012\Projects\DS Project\Debug\DS Project.ilk
